d:\github-storage\studynotes\c++\parallism\x64\debug\vc143.pdb
d:\github-storage\studynotes\c++\parallism\x64\debug\vc143.idb
d:\github-storage\studynotes\c++\parallism\x64\debug\main.obj
d:\github-storage\studynotes\c++\parallism\x64\debug\jthread_example.h.ifc
d:\github-storage\studynotes\c++\parallism\x64\debug\jthread_example.h.ifc.d.json
d:\github-storage\studynotes\c++\parallism\x64\debug\jthread_example.h.obj
d:\github-storage\studynotes\c++\parallism\x64\debug\jthread_example.h.module.json
d:\github-storage\studynotes\c++\parallism\x64\debug\parallism.pdb
d:\github-storage\studynotes\c++\parallism\x64\debug\parallism.tlog\cl.command.1.tlog
d:\github-storage\studynotes\c++\parallism\x64\debug\parallism.tlog\cl.items.tlog
d:\github-storage\studynotes\c++\parallism\x64\debug\parallism.tlog\cl.read.1.tlog
d:\github-storage\studynotes\c++\parallism\x64\debug\parallism.tlog\cl.write.1.tlog
d:\github-storage\studynotes\c++\parallism\x64\debug\parallism.tlog\link-cvtres.read.1.tlog
d:\github-storage\studynotes\c++\parallism\x64\debug\parallism.tlog\link-cvtres.write.1.tlog
d:\github-storage\studynotes\c++\parallism\x64\debug\parallism.tlog\link-rc.read.1.tlog
d:\github-storage\studynotes\c++\parallism\x64\debug\parallism.tlog\link-rc.write.1.tlog
d:\github-storage\studynotes\c++\parallism\x64\debug\parallism.tlog\link.23804-cvtres.read.1.tlog
d:\github-storage\studynotes\c++\parallism\x64\debug\parallism.tlog\link.23804-cvtres.write.1.tlog
d:\github-storage\studynotes\c++\parallism\x64\debug\parallism.tlog\link.23804-rc.read.1.tlog
d:\github-storage\studynotes\c++\parallism\x64\debug\parallism.tlog\link.23804-rc.write.1.tlog
d:\github-storage\studynotes\c++\parallism\x64\debug\parallism.tlog\link.23804.read.1.tlog
d:\github-storage\studynotes\c++\parallism\x64\debug\parallism.tlog\link.23804.read.2.tlog
d:\github-storage\studynotes\c++\parallism\x64\debug\parallism.tlog\link.23804.read.3.tlog
d:\github-storage\studynotes\c++\parallism\x64\debug\parallism.tlog\link.23804.read.4.tlog
d:\github-storage\studynotes\c++\parallism\x64\debug\parallism.tlog\link.23804.read.5.tlog
d:\github-storage\studynotes\c++\parallism\x64\debug\parallism.tlog\link.23804.write.1.tlog
d:\github-storage\studynotes\c++\parallism\x64\debug\parallism.tlog\link.command.1.tlog
d:\github-storage\studynotes\c++\parallism\x64\debug\parallism.tlog\link.read.1.tlog
d:\github-storage\studynotes\c++\parallism\x64\debug\parallism.tlog\link.read.2.tlog
d:\github-storage\studynotes\c++\parallism\x64\debug\parallism.tlog\link.read.3.tlog
d:\github-storage\studynotes\c++\parallism\x64\debug\parallism.tlog\link.read.4.tlog
d:\github-storage\studynotes\c++\parallism\x64\debug\parallism.tlog\link.read.5.tlog
d:\github-storage\studynotes\c++\parallism\x64\debug\parallism.tlog\link.write.1.tlog
d:\github-storage\studynotes\c++\parallism\x64\debug\parallism_md.tlog\cl.command.1.tlog
d:\github-storage\studynotes\c++\parallism\x64\debug\parallism_md.tlog\microsoft.build.cpptasks.cl.read.1.tlog
d:\github-storage\studynotes\c++\parallism\x64\debug\parallism_md.tlog\microsoft.build.cpptasks.cl.write.1.tlog
